<?xml version="1.0" encoding="UTF-8"?>
<!-- Generated by org.testng.reporters.JUnitXMLReporter -->
<testsuite ignored="0" hostname="LAPTOP-J4LOL13O" failures="1" tests="1"
	name="Test" time="43.204" errors="0" timestamp="2026-02-07T11:19:32 IST">
	<testcase classname="com.Test1.TestPIMPage" name="addEmployeeThenVerify"
		time="30.185">
		<failure type="java.lang.NullPointerException"
			message="Cannot invoke &amp;quot;String.contains(java.lang.CharSequence)&amp;quot; because &amp;quot;com.Util.TestNGUtil.actual&amp;quot; is null">
      <![CDATA[java.lang.NullPointerException: Cannot invoke "String.contains(java.lang.CharSequence)" because "com.Util.TestNGUtil.actual" is null
at com.Util.TestNGUtil.assertFail(TestNGUtil.java:11)
at com.pages.LoginPage.login(LoginPage.java:21)
at com.Test1.TestPIMPage.addEmployeeThenVerify(TestPIMPage.java:18)
at java.base/java.util.ArrayList.forEach(ArrayList.java:1596)
... Removed 25 stack frames]]>
    </failure>
	</testcase> <!--
	addEmployeeThenVerify -->
</testsuite> <!--
Test -->
