<?xml version="1.0" encoding="UTF-8"?>
<!-- Generated by org.testng.reporters.JUnitReportReporter -->
<testsuite hostname="LAPTOP-J4LOL13O" failures="0" tests="4"
	name="com.tests.Prioritytest" time="0.018" errors="0"
	timestamp="2025-12-31T13:44:43 IST" skipped="1">
	<testcase classname="com.tests.Prioritytest" name="login" time="0.013" />
	<testcase classname="com.tests.Prioritytest" name="checkEmail" time="0.003" />
	<testcase classname="com.tests.Prioritytest" name="logout" time="0.002" />
	<testcase classname="com.tests.Prioritytest" name="search">
		<skipped />
	</testcase> <!-- search -->
</testsuite> <!-- com.tests.Prioritytest -->
