<?xml version="1.0" encoding="UTF-8"?>
<!-- Generated by org.testng.reporters.JUnitReportReporter -->
<testsuite hostname="LAPTOP-J4LOL13O" failures="0" tests="2"
	name="com.Test1.TestNg_Annotations" time="0.014" errors="0"
	timestamp="2026-02-05T15:17:38 IST" skipped="0">
	<testcase classname="com.Test1.TestNg_Annotations" name="testCaseTwo"
		time="0.004" />
	<testcase classname="com.Test1.TestNg_Annotations" name="testCaseOne"
		time="0.010" />
</testsuite> <!-- com.Test1.TestNg_Annotations -->
